<?xml version="1.0" encoding="UTF-8"?>
<!-- Generated by org.testng.reporters.JUnitReportReporter -->
<testsuite hostname="DESKTOP-C7NREMI" name="autoit.ComposeEmail" tests="1" failures="0" timestamp="5 Jun 2019 10:17:54 GMT" time="20.564" errors="0">
  <testcase name="composeEmailWithAttachment" time="20.564" classname="autoit.ComposeEmail"/>
</testsuite> <!-- autoit.ComposeEmail -->
