<?xml version="1.0" encoding="UTF-8"?>
<!-- Generated by org.testng.reporters.JUnitReportReporter -->
<testsuite hostname="DESKTOP-C7NREMI" name="autoit.LoggerDemo" tests="1" failures="0" timestamp="5 Jun 2019 13:51:22 GMT" time="0.015" errors="0">
  <testcase name="LoggerDemo" time="0.015" classname="autoit.LoggerDemo"/>
</testsuite> <!-- autoit.LoggerDemo -->
